android/app/build/intermediates/manifest_merge_blame_file/debug/processDebugMainManifest/manifest-merger-blame-debug-report.txt
1<?xml version="1.0" encoding="utf-8"?>
2<manifest xmlns:android="http://schemas.android.com/apk/res/android"
3    package="app.serika.musicy"
4    android:versionCode="1"
5    android:versionName="1.0" >
6
7    <uses-sdk
8        android:minSdkVersion="24"
9        android:targetSdkVersion="36" />
10
11    <!-- Permissions -->
12
13    <uses-permission android:name="android.permission.INTERNET" />
13-->src/main/AndroidManifest.xml:60:5-67
13-->src/main/AndroidManifest.xml:60:22-64
14    <uses-permission android:name="android.permission.FOREGROUND_SERVICE" />
14-->src/main/AndroidManifest.xml:61:5-77
14-->src/main/AndroidManifest.xml:61:22-74
15    <uses-permission android:name="android.permission.FOREGROUND_SERVICE_MEDIA_PLAYBACK" />
15-->src/main/AndroidManifest.xml:62:5-92
15-->src/main/AndroidManifest.xml:62:22-89
16    <uses-permission android:name="android.permission.POST_NOTIFICATIONS" />
16-->src/main/AndroidManifest.xml:63:5-77
16-->src/main/AndroidManifest.xml:63:22-74
17    <uses-permission android:name="android.permission.ACCESS_NETWORK_STATE" />
17-->[androidx.media3:media3-common:1.10.0] AndroidManifest.xml:22:5-79
17-->[androidx.media3:media3-common:1.10.0] AndroidManifest.xml:22:22-76
18    <uses-permission android:name="android.permission.WAKE_LOCK" />
18-->[androidx.media3:media3-exoplayer:1.10.0] AndroidManifest.xml:23:5-68
18-->[androidx.media3:media3-exoplayer:1.10.0] AndroidManifest.xml:23:22-65
19
20    <permission
20-->[androidx.core:core:1.17.0] AndroidManifest.xml:22:5-24:47
21        android:name="app.serika.musicy.DYNAMIC_RECEIVER_NOT_EXPORTED_PERMISSION"
21-->[androidx.core:core:1.17.0] AndroidManifest.xml:23:9-81
22        android:protectionLevel="signature" />
22-->[androidx.core:core:1.17.0] AndroidManifest.xml:24:9-44
23
24    <uses-permission android:name="app.serika.musicy.DYNAMIC_RECEIVER_NOT_EXPORTED_PERMISSION" />
24-->[androidx.core:core:1.17.0] AndroidManifest.xml:26:5-97
24-->[androidx.core:core:1.17.0] AndroidManifest.xml:26:22-94
25
26    <application
26-->src/main/AndroidManifest.xml:4:5-56:19
27        android:allowBackup="true"
27-->src/main/AndroidManifest.xml:5:9-35
28        android:appComponentFactory="androidx.core.app.CoreComponentFactory"
28-->[androidx.core:core:1.17.0] AndroidManifest.xml:28:18-86
29        android:debuggable="true"
30        android:extractNativeLibs="false"
31        android:icon="@mipmap/ic_launcher"
31-->src/main/AndroidManifest.xml:6:9-43
32        android:label="@string/app_name"
32-->src/main/AndroidManifest.xml:7:9-41
33        android:roundIcon="@mipmap/ic_launcher_round"
33-->src/main/AndroidManifest.xml:8:9-54
34        android:supportsRtl="true"
34-->src/main/AndroidManifest.xml:9:9-35
35        android:theme="@style/AppTheme" >
35-->src/main/AndroidManifest.xml:10:9-40
36        <meta-data
36-->src/main/AndroidManifest.xml:12:9-14:59
37            android:name="com.google.android.gms.car.application"
37-->src/main/AndroidManifest.xml:13:13-66
38            android:resource="@xml/automotive_app_desc" />
38-->src/main/AndroidManifest.xml:14:13-56
39
40        <activity
40-->src/main/AndroidManifest.xml:16:9-29:20
41            android:name="app.serika.musicy.MainActivity"
41-->src/main/AndroidManifest.xml:18:13-41
42            android:configChanges="orientation|keyboardHidden|keyboard|screenSize|locale|smallestScreenSize|screenLayout|uiMode|navigation|density"
42-->src/main/AndroidManifest.xml:17:13-148
43            android:exported="true"
43-->src/main/AndroidManifest.xml:22:13-36
44            android:label="@string/title_activity_main"
44-->src/main/AndroidManifest.xml:19:13-56
45            android:launchMode="singleTask"
45-->src/main/AndroidManifest.xml:21:13-44
46            android:theme="@style/AppTheme.NoActionBarLaunch" >
46-->src/main/AndroidManifest.xml:20:13-62
47            <intent-filter>
47-->src/main/AndroidManifest.xml:24:13-27:29
48                <action android:name="android.intent.action.MAIN" />
48-->src/main/AndroidManifest.xml:25:17-69
48-->src/main/AndroidManifest.xml:25:25-66
49
50                <category android:name="android.intent.category.LAUNCHER" />
50-->src/main/AndroidManifest.xml:26:17-77
50-->src/main/AndroidManifest.xml:26:27-74
51            </intent-filter>
52        </activity>
53
54        <provider
55            android:name="androidx.core.content.FileProvider"
55-->src/main/AndroidManifest.xml:32:13-62
56            android:authorities="app.serika.musicy.fileprovider"
56-->src/main/AndroidManifest.xml:33:13-64
57            android:exported="false"
57-->src/main/AndroidManifest.xml:34:13-37
58            android:grantUriPermissions="true" >
58-->src/main/AndroidManifest.xml:35:13-47
59            <meta-data
59-->src/main/AndroidManifest.xml:36:13-38:64
60                android:name="android.support.FILE_PROVIDER_PATHS"
60-->src/main/AndroidManifest.xml:37:17-67
61                android:resource="@xml/file_paths" />
61-->src/main/AndroidManifest.xml:38:17-51
62        </provider>
63
64        <service
64-->src/main/AndroidManifest.xml:41:9-49:19
65            android:name="app.serika.musicy.MusicyMediaService"
65-->src/main/AndroidManifest.xml:42:13-47
66            android:exported="true"
66-->src/main/AndroidManifest.xml:43:13-36
67            android:foregroundServiceType="mediaPlayback" >
67-->src/main/AndroidManifest.xml:44:13-58
68            <intent-filter>
68-->src/main/AndroidManifest.xml:45:13-48:29
69                <action android:name="androidx.media3.session.MediaLibraryService" />
69-->src/main/AndroidManifest.xml:46:17-86
69-->src/main/AndroidManifest.xml:46:25-83
70                <action android:name="android.media.browse.MediaBrowserService" />
70-->src/main/AndroidManifest.xml:47:17-83
70-->src/main/AndroidManifest.xml:47:25-80
71            </intent-filter>
72        </service>
73        <service
73-->src/main/AndroidManifest.xml:51:9-55:44
74            android:name="app.serika.musicy.MusicyWebPlaybackService"
74-->src/main/AndroidManifest.xml:52:13-53
75            android:exported="false"
75-->src/main/AndroidManifest.xml:53:13-37
76            android:foregroundServiceType="mediaPlayback"
76-->src/main/AndroidManifest.xml:54:13-58
77            android:stopWithTask="false" />
77-->src/main/AndroidManifest.xml:55:13-41
78
79        <provider
79-->[androidx.emoji2:emoji2:1.3.0] AndroidManifest.xml:24:9-32:20
80            android:name="androidx.startup.InitializationProvider"
80-->[androidx.emoji2:emoji2:1.3.0] AndroidManifest.xml:25:13-67
81            android:authorities="app.serika.musicy.androidx-startup"
81-->[androidx.emoji2:emoji2:1.3.0] AndroidManifest.xml:26:13-68
82            android:exported="false" >
82-->[androidx.emoji2:emoji2:1.3.0] AndroidManifest.xml:27:13-37
83            <meta-data
83-->[androidx.emoji2:emoji2:1.3.0] AndroidManifest.xml:29:13-31:52
84                android:name="androidx.emoji2.text.EmojiCompatInitializer"
84-->[androidx.emoji2:emoji2:1.3.0] AndroidManifest.xml:30:17-75
85                android:value="androidx.startup" />
85-->[androidx.emoji2:emoji2:1.3.0] AndroidManifest.xml:31:17-49
86            <meta-data
86-->[androidx.lifecycle:lifecycle-process:2.6.2] AndroidManifest.xml:29:13-31:52
87                android:name="androidx.lifecycle.ProcessLifecycleInitializer"
87-->[androidx.lifecycle:lifecycle-process:2.6.2] AndroidManifest.xml:30:17-78
88                android:value="androidx.startup" />
88-->[androidx.lifecycle:lifecycle-process:2.6.2] AndroidManifest.xml:31:17-49
89            <meta-data
89-->[androidx.profileinstaller:profileinstaller:1.4.0] AndroidManifest.xml:29:13-31:52
90                android:name="androidx.profileinstaller.ProfileInstallerInitializer"
90-->[androidx.profileinstaller:profileinstaller:1.4.0] AndroidManifest.xml:30:17-85
91                android:value="androidx.startup" />
91-->[androidx.profileinstaller:profileinstaller:1.4.0] AndroidManifest.xml:31:17-49
92        </provider>
93
94        <receiver
94-->[androidx.profileinstaller:profileinstaller:1.4.0] AndroidManifest.xml:34:9-52:20
95            android:name="androidx.profileinstaller.ProfileInstallReceiver"
95-->[androidx.profileinstaller:profileinstaller:1.4.0] AndroidManifest.xml:35:13-76
96            android:directBootAware="false"
96-->[androidx.profileinstaller:profileinstaller:1.4.0] AndroidManifest.xml:36:13-44
97            android:enabled="true"
97-->[androidx.profileinstaller:profileinstaller:1.4.0] AndroidManifest.xml:37:13-35
98            android:exported="true"
98-->[androidx.profileinstaller:profileinstaller:1.4.0] AndroidManifest.xml:38:13-36
99            android:permission="android.permission.DUMP" >
99-->[androidx.profileinstaller:profileinstaller:1.4.0] AndroidManifest.xml:39:13-57
100            <intent-filter>
100-->[androidx.profileinstaller:profileinstaller:1.4.0] AndroidManifest.xml:40:13-42:29
101                <action android:name="androidx.profileinstaller.action.INSTALL_PROFILE" />
101-->[androidx.profileinstaller:profileinstaller:1.4.0] AndroidManifest.xml:41:17-91
101-->[androidx.profileinstaller:profileinstaller:1.4.0] AndroidManifest.xml:41:25-88
102            </intent-filter>
103            <intent-filter>
103-->[androidx.profileinstaller:profileinstaller:1.4.0] AndroidManifest.xml:43:13-45:29
104                <action android:name="androidx.profileinstaller.action.SKIP_FILE" />
104-->[androidx.profileinstaller:profileinstaller:1.4.0] AndroidManifest.xml:44:17-85
104-->[androidx.profileinstaller:profileinstaller:1.4.0] AndroidManifest.xml:44:25-82
105            </intent-filter>
106            <intent-filter>
106-->[androidx.profileinstaller:profileinstaller:1.4.0] AndroidManifest.xml:46:13-48:29
107                <action android:name="androidx.profileinstaller.action.SAVE_PROFILE" />
107-->[androidx.profileinstaller:profileinstaller:1.4.0] AndroidManifest.xml:47:17-88
107-->[androidx.profileinstaller:profileinstaller:1.4.0] AndroidManifest.xml:47:25-85
108            </intent-filter>
109            <intent-filter>
109-->[androidx.profileinstaller:profileinstaller:1.4.0] AndroidManifest.xml:49:13-51:29
110                <action android:name="androidx.profileinstaller.action.BENCHMARK_OPERATION" />
110-->[androidx.profileinstaller:profileinstaller:1.4.0] AndroidManifest.xml:50:17-95
110-->[androidx.profileinstaller:profileinstaller:1.4.0] AndroidManifest.xml:50:25-92
111            </intent-filter>
112        </receiver>
113    </application>
114
115</manifest>